mxmkjvgsdzfhseightonetwoeight7 >> 77
3five4s84four9rtbzllggz >> 39
75sevenzdrpkv1onetwo >> 71
3q7ctkghhqkpb5four >> 35
ccxpblrgrjxcgrhjxfmtwonine8eightzzrdn4 >> 84
6lqjrhbnxxcqlpnmjsthreesixxsxcgqsxmdx7 >> 67
35llbrhh >> 35
fivethreejcqpfqmcmvjlmhlbzpxlsmktzkmtmv8p >> 88
3369eightnine89 >> 39
onesix4qqnlzdsevennmmrcgkndlsgm3 >> 43
two4xgdjdqtcjk1threelkjdxvfivesix >> 41
sixsix6njhqrnine >> 66
4skbhsbtqc >> 44
one11fpkjsix >> 11
kgtkgdjtwo6mmklqc >> 66
kqfqq39gnncltrtpgtwo5bxmx >> 35
jdqgmr5jtz >> 55
6hltxnninesmfzpnqjnkcrstv >> 66
twotwo6eightqcncghjvqfcv5 >> 65
4ppzhcvqrnkqonehlhlcqmrq >> 44
1xldgvsix67 >> 17
2six1bsxxgbonefour >> 21
stwone3qlrfive314sixsix >> 34
tfkbqvreight34r >> 34
five4eight >> 44
rvsmznr4eightjqckcr6nine6rhpnmxrhdc >> 46
xpqldjttwompcfseven8seven8two >> 88
fourclkthghllzlhrs31 >> 31
2hpmvfbm8seven5v58 >> 28
3qnfqtgndveightthree >> 33
fivethreervmhvzgeightvzc63 >> 63
hlpsp9nqnsvhdcfourfivestcz >> 99
nineninedtfivefive4 >> 44
gb9twoseven >> 99
1fourfive4seveng >> 14
tmlsix2fiveninefourgjltplkfcnine >> 22
one3sdrckqtzdzgvtl7vtwo >> 37
s2fdklslhzrxktzzttxdtnx1 >> 21
three8vhssix9hhtrxkbpjp39mcchnpp >> 89
37three5btqxsqkszchfivebvbbddssvc >> 35
z5onefour >> 55
3eightrthplstr2gbbkddhdqvctlsj >> 32
zmtfdb9 >> 99
4d >> 44
fivetwo9 >> 99
sevensevenonefour9fgm >> 99
rcqnineseven2 >> 22
sevenjssstgtdn47 >> 47
34jbdxspph >> 34
zthreeeight9sdnzqqhnpvdrmpfq >> 99
8nineoneoneoneeight >> 88
k3 >> 33
sevenfive4sixninesxflqs2 >> 42
8hplbktr >> 88
sevenfive6nsmqrmflsfxctgjx >> 66
954mpcnggqmv >> 94
four9four >> 99
185qhonezszbfive >> 15
oneninetwosix3eightb21 >> 31
sixqrhphxsvj15three >> 15
43jnvvlsqsvk >> 43
oneqxvjlddgfkgjdjgpvcvz5 >> 55
lkkgzfbdsjzpslnqseven12ninedxhtjgx >> 12
1nine62fivefmxvgr7 >> 17
s32eight3seven9nine >> 39
eightldxdrtwo1krrnj8vdrchq >> 18
gmdm81 >> 81
five7two36dzgqninef >> 76
2four4461three >> 21
fourshbdbvsixklsdgggb6 >> 66
bfsfl1 >> 11
5bnvzgtbrsngdbqldmzlhk4 >> 54
seven1tbjfkmqdpmlkfmqcjl3bzhzfk >> 13
22rmsfjstcglnrnninefivesbglz >> 22
6sixssg915jthkkfhj >> 65
fourseven81945 >> 85
4s5two >> 45
bzrnthreephhptdvfourjbsteighthkzqbtlczmkjrmh9 >> 99
eight5zsbnine3tgllxqjbf8 >> 58
2twotwotlgdbnstp7hvgpkgvdkmmzpzf >> 27
sixfourr9onelfzvfm4 >> 94
lgsmmjmnl713339sdfour >> 79
threefive9fivenine7nine >> 97
eight68four5threeseven6two >> 66
sixeightnfkrzxlvfx5drhptm >> 55
3one7jqtpzggzplphrzbnplnfivefour >> 37
eightcqksvtdzmsjssnjtf5eight1 >> 51
2three4tzzlv >> 24
1zfctfccn1fourhnmnklgtwo3nine >> 13
ninembcfmxnkqb1four46kgddneightfgxsnkzd >> 16
qpjbjmhkclkcznkx1ninefivesix5eight >> 15
njhpf5ninefive >> 55
7jtwo >> 77
two79mvmtbthreesix >> 79
threeqcnhzcfk7five8jnk1 >> 71
kcdflseven69 >> 69
eightninekpjpcbhd4 >> 44
3five2ghlgr >> 32
615pgtjhqqttsixone8six >> 68
nxsqklg3three8 >> 38
fourtwo889nzfnqckbpslone >> 89
mtzzpfour4pxftwo >> 44
phzgbcghsixclrrrfourseven3 >> 33
cqpccvmvqnine56mmmtqfp >> 56
gdzrsxdhklrlpmkjqzd8 >> 88
1fjltwo >> 11
fivethree9 >> 99
6512krnnxdxzprbtlgcfoneeightwohfl >> 62
toneightfive5two >> 55
4sixbrcbxq >> 44
4hphcpfxppdnhxrmlhfourxfkjb >> 44
tdgpntzgz36 >> 36
8zhtrnglsix6sixhdlqkfrzvmcztwo4 >> 84
xjxph74 >> 74
three3qs7sevenpkjone18twonek >> 38
fiveseven4 >> 44
2eightrlnine8eightrbjpml3nine >> 23
fourninethree2three5four4 >> 24
rmrvbjblcjpdpvckprzdrdpbdtcmrndhphbbhxpzmtwo53bdxzcn >> 53
cvdpnd89four >> 89
168five >> 18
eightg29tgvfqdzmgstvbtftfour79 >> 29
foursevennvmgqvxhvg6seven >> 66
6one57onefour6 >> 66
one7ninethldxfvthree86dfjxq >> 76
bjeightwo7fourfive >> 77
jmone3946eightwor >> 36
fivexrqhzmsix9four >> 99
hldhs2vhtljcqbsseveneight >> 22
ninefivenine2fiveb >> 22
3hqzninenine >> 33
nnpd7seven8 >> 78
51mfkr1gjzrcrx6fpsdg7six >> 57
zxthreexfzfzckhhggtwo7 >> 77
bvmspnxl9mslb8fiveninetwo2seven >> 92
nrgmcfgzcthreefivenvvnxzonenine91jsvfkhv >> 91
threethree5four >> 55
7vclcnxdnmxqc4twobx >> 74
22qsthnkclllmlcmthree >> 22
1hz2xeightseven3cpbjtpv >> 13
65hpvfkkeight2 >> 62
eight69 >> 69
6sixslschzjxs8rlgjkbqjzhhx2seven >> 62
9qdhjctdfzzqv2eightthreexfl >> 92
oneqjtbnn68seven >> 68
hdzmhfsvch422mcb1one5 >> 45
55nine3sevensixfive >> 53
lxjrrhkdztwonvmgbbkqxpxgtwo7vdvvzh >> 77
kcfctfdpfnseven87ninesixsjkxxn >> 87
2twoeighthqllthree >> 22
dgjkvnbrh89 >> 89
pxmbhhtlmqhdbqkxftk4cx6rljkgx >> 46
9seventwoeight65mvmgpfxtrghzd >> 95
hd3vhbxgpsevennzhlzseven6 >> 36
83one >> 83
2kztrbbkj2cmjzm7 >> 27
1sdzkctzqtwo >> 11
6vxjgvmsz1onepgdkrtrd >> 61
52kmspbvqbpzbscjtzkm79onelhzrfmp >> 59
1259one4gztcz >> 14
jlmrvtxjphtwo2 >> 22
zrldjg2two >> 22
sixdhsfvqrnseven5ms1 >> 51
gmrdkgqb8lmlpzjfflsbkjnntjc9eightcdpdq >> 89
4nvxdvgjrnzdtblhxfsvdpvm3seven1tlkhfzmjqp >> 41
dxjjbv4lvc39bscvppc91 >> 41
c6 >> 66
dvftxktvsonehcprkszlbfive1jxckpvknfthxnsm2 >> 12
drglpjtm1fivesixccr >> 11
five35ksnljjnpdnine >> 35
three92 >> 92
3hbsgfrxqxgpsbsevencxthree5 >> 35
1flnzjsseven2 >> 12
176eight6tskbvc >> 16
5seventhreesixfivebqtjtwoneff >> 55
kghrvxcpgplfdrxxtflbfffivetwo1fourseven >> 11
nine1twothreezjrmdcsclgfourtqbstp >> 11
ffggc4 >> 44
sevendqhkddzpvxsix92jncd >> 92
hzgcggpgn867mmvtvd193 >> 83
9qkgzfd >> 99
sixcrkcrhgpj3497935 >> 35
eight4pmknqkklc >> 44
sixoneonerxqpfljvleightsix2eight3 >> 23
fourfivegznjlplsmpjrbhd61lone >> 61
threeseven1one1two8 >> 18
986lsixdqkpljbx8 >> 98
lggq8fouroneftp5 >> 85
loneightfivethreemfn19 >> 19
eightseventwo29four >> 29
5phtlbfdbltbls99699 >> 59
8lnbqbslmqmhkvzvnkmxhllpngcm9one8oneightz >> 88
vfqprdmklzgklllm362tcdvvlmvdnjsixeight >> 32
2dbltlmcxklxqlvhgmkkgfr >> 22
five31468threercbjkvtqgm >> 38
ngzpnljmdcrqt86hphtnblsxmg5tnsltm >> 85
4mtzpfxrzrrdltjbmgjksix >> 44
qztnrrsgkrsskdvj4skfnx6 >> 46
571four >> 51
1eightxd3 >> 13
2four98n366k >> 26
sixbbztnkf3fourfourhvs5nine >> 35
jsftxsix4ninethreetwok >> 44
9mbskphxtmpthree6nine >> 96
bm6fourghmnrnsmtwotwofournssrseven >> 66
9bnkcmdpsssix48 >> 98
fivefourptglzp9 >> 99
14gmrfdjmkbjlnine >> 14
threetqq3 >> 33
two474two4 >> 44
tdctzcztgnthreefive1sevenxfqzcjcj >> 11
8tph1sevenone9thppone >> 89
six3ntvjfgdv6seven >> 36
77nine1twobszrsjffqcvhqv >> 71
19123threesixone >> 13
83sixsixtwoseven6 >> 86
cjqnine3btn >> 33
gjdlvzct1 >> 11
498bvcdrznineonetwo >> 48
rmcnshlzxlthmtfjqdn3ktwonem >> 33
three9one9ninesevenzpv5 >> 95
qtfv1fivefourthreet3one >> 13
ldpb7three >> 77
fxfrxbhfour9nine25threejkmthznj1 >> 91
7three19rffgprxfjzk4 >> 74
four91 >> 91
mfbfhnh771two9eight >> 79
5rhrseven >> 55
4three2sevenone >> 42
eight58 >> 58
eight6one54np >> 64
ncc4two9646 >> 46
xgboneight4 >> 44
7373ngvsgr >> 73
foursevendhtgrlrtflxvlonezxxrghjgrzpcmrkdxhtchs9 >> 99
mfoursixcneight188 >> 18
3xlpkjshjz >> 33
sbppcxpnxkjm3fivenrmqzkcdrz9eight9 >> 39
eight8threek38eightlfzone >> 88
1lpfhddpqsevennine2four >> 12
rvnjdqkj6eightsixdxjbt2 >> 62
46sixsix >> 46
8eighttwocscdgpsz119bdv >> 89
1nkmvbcgxs9ninesix68czshseven >> 18
sixtfx9 >> 99
threetbksevenone1tzmsvspqjhtwotjfdqt >> 11
ktztwoseventscssk14 >> 14
4z4 >> 44
zfd998threekvonebgpxtqxv9 >> 99
onesevenone3 >> 33
three5fivepzsqvm2 >> 52
srvbvkb7one7threejmmlxjvxcnxqggcvtk5 >> 75
mvcsix2onegfzzrrqsixeightsevenpmmbmdqvfq >> 22
1fsxsnhrpkfh5xcphtfmjdb >> 15
91tqmbkxjhg >> 91
threefivenfjz1eight5sixseven >> 15
5eightfive >> 55
4fiveblhqn >> 44
23seventhreesevenfour >> 23
twofourkqgone2cmtkzldj8 >> 28
deightwomqvlxpvthreetwotwof8 >> 88
seven7lrrtlsxmpngvstfk9 >> 79
threeknchdjnine3k >> 33
2fourfourvhnqthfivevbzsfcseven >> 22
frfxctwodzjlqcqfj319 >> 39
fz7three >> 77
mmn8sixtxmgtwothreeprk3eightwoznl >> 83
2xjsevenct >> 22
551sixkhd >> 51
3sevensfck64two >> 34
2pmxrtkzrsix26lrtwo >> 26
jlqbhmsvmthreefive2tdpjgqgngjjsgmpsix8 >> 28
tgtfqplcrsseven1skpfnr8cfrxvn7 >> 17
mvpl755three2seventwothree >> 72
3b >> 33
cdfjmnkjsix2twoeight5gsxsc >> 25
3l3gqcmjhtk >> 33
9mlftpmmlqctonegpbfstpcnhmm53 >> 93
4ninedbztjvvqone5zcnqhh >> 45
six5n2tzzhvll2eight >> 52
mfcb81phsqmczzsix >> 81
cm41oneseven3 >> 43
vkkgh2fqs >> 22
seven8dhfkghhsix >> 88
7jnqxnrvbsg54sixtwonedn >> 74
stvsix2leightprsllnlmtjqc6seven >> 26
four2threenine4onethree >> 24
fiveqqhfivenine9 >> 99
four85two8 >> 88
5two756twooneightr >> 56
679 >> 69
xlbbxrhkt4dqdcbkddoneoneightjb >> 44
6sixthreethreefdzjcqjgjpxfour5 >> 65
deightwosix4six51seven >> 41
dkgkgjhc6sevensevenninefivepvbrthreetz >> 66
rdqxbbninefvkvdhmgr61nineeight >> 61
3nzdvnljf71fiveeight >> 31
zcscbkleightvvtxbqbgmr361 >> 31
mqhxninebtfrfour9eight8six4 >> 94
onezdfdc351 >> 31
rrtwonesixtn4eight23 >> 43
sevenfivethreezmbjmfiveeight4four >> 44
pmfpfjhs58eight >> 58
six88tvdsxdll >> 88
four8cgm3eight >> 83
pprsdrtwokk9seven >> 99
sddbkzfczc9 >> 99
qsevenone6hc47jbzvpbgj >> 67
3hpdmbpmrtrzhkdfivecpdcgqcnfcfiverrhksnpcd >> 33
7six946 >> 76
nqptzsixsnpqqmjpzmgfheight3 >> 33
2fdlprcxtrn >> 22
73lnine9 >> 79
eight2mrkrqfive >> 22
sevenllscmf6sjqbjvdqzd8khxvpninezctzf8 >> 68
33xdseven5436 >> 36
mnbhzx3threeonetwoone >> 33
sixsixtwoxrhfive79 >> 79
eightzdbm7sevenzhtl >> 77
djlmh9threefour >> 99
six7xmlg89 >> 79
seven97sixsix4hsgzlm9 >> 99
6eightsix2m >> 62
tnrzjjxggd9zjckhbrhmvfouronetwo6 >> 96
cdhjfvnine82sixonefourdkpsg4 >> 84
65vrsvponenine >> 65
fivelkpvpone9gjqxf1ninesevenkfrkjqkfb >> 91
7twoqst >> 77
mggftm2five99four >> 29
threeonejjshqfeight3three74 >> 34
1h97lfnvdgqlhjmqbqffive >> 17
bk88nine >> 88
eightone2three7 >> 27
3hsvjpfrpv >> 33
5sixtwoeightltnvmzsb >> 55
3zxqrfkgc >> 33
two93njsmdsixsevenfournklz8 >> 98
6nlmtheightdjsnklrpbb >> 66
3threelpbznvzghpnrveightsixseven >> 33
4djqnvrksmdrgfnqglg3two >> 43
411vqljd3 >> 43
7ninelmbqlthree >> 77
two35ninefnhfrsixfive6qzlptcpgh >> 36
four1pmkfcpkh8nine >> 18
1gzfgmbqbmpqr1tvkrntdn >> 11
5sevenseveneightfour4zttvtwolnrkqd >> 54
1sfouronepgmckxvhtwo69 >> 19
jmbqfour1eightwot >> 11
sixonevq5 >> 55
r3sixmn >> 33
rhklqpztgcvxthreesix5onevf77 >> 57
5nnzbzjcpc >> 55
twockmmkdpcmhbczbkp2six >> 22
95eight57seven >> 97
bctwone7one8threexspzds >> 78
ninesevenfivevsnxzfxdmf9z995 >> 95
7five8gmhlqjvtrqlqgrlngmx4 >> 74
gfftcpxeight46 >> 46
1nine9two1eight58fxhtmv >> 18
1pmpxzsevenjhxpjmxbfourfour >> 11
7oneeightpzkzzczg >> 77
onenine3threeeightjd9 >> 39
fourninecvbmcsctblfour46eightncgkjgt8 >> 48
9threesix >> 99
sixonesixqdqqjprfourone62 >> 62
deightwofourhdb6eight6 >> 66
52six4jtlphxslh8 >> 58
4tsdjnkqkcrtwo4 >> 44
6two5rbggpdz9ninesixjctmfkdhz >> 69
xtftfgvkcp1foureight >> 11
oneqvdphhjzqmqdb8 >> 88
8two8slfvgbqqhq >> 88
bnnzlseven41l25sevenb >> 45
8smzbc >> 88
941eight >> 91
vlcszrbhssdhvkcfcnpffhone7four1 >> 71
threesix4hcsnpdfqksfour5three >> 45
7lcnbkbdfmninenmmrffgbrfour >> 77
5hlr8flfldblp4three5twopctglmcq >> 55
3sevenfgvgxxsxdvlbkkhr9 >> 39
5sfive >> 55
8fourtwomqtmchfjbkcgpntjpkkkp >> 88
mkjxmqsevennmsspqhzxmrncpstpbfour77jbfz >> 77
8nineone1513 >> 83
hgsqzrqcbnjcbdtnlfljnm4four >> 44
cxqnqseven7gmqpffmxgkxdtwo49 >> 79
rndoneightccsjmklbxf8tgqph >> 88
twon4 >> 44
nsccmbthreebdtjpsixpdc5xbxqqgzf2 >> 52
sixglxmmjdvqx9eightntpeightpgzxv7 >> 97
pvdtwone8five5tvdlshqnrd884 >> 84
fivebfrvnthreecjlzhpglvfphhsix4 >> 44
cfnfsf9hrxvpfdvbbfourr949 >> 99
3five2psng4 >> 34
fourkbbfzlqlvhm3 >> 33
zvfqkpzctpreight7threeonehzfxnkj7 >> 77
three8one >> 88
16eightsevensix32nine >> 12
nbgqpspvdtsixjkv6cqzpq >> 66
sevenfdfhgrzthree2 >> 22
nineqxthree1 >> 11
onehmgdksxkninekbbrphbmt6 >> 66
5pnrlg7drhdthree925 >> 55
two32tqtqk6 >> 36
fsknktltdb32seven9 >> 39
5464fqtghjrqdpeightvzbx >> 54
92five6scnddkj59 >> 99
vrmfoneone93four >> 93
bbbbzfggtd5qzmnlqxssfour7phfjtjjjtggdmpfgzjssvjbgsr >> 57
gncbxjpone22tvfive >> 22
6six9eightjjnvnhdxtjfouronefjbsq >> 69
tconefsnseveneight47six >> 47
hkh4 >> 44
3hshtz2seven72one3 >> 33
5sevenqqbttbjfdnhlrksthreefive1 >> 51
qzcggcmq89qjcglscsp37eightthreepbhdrnbkf >> 87
6xjsxlbldc >> 66
7s4sevensix6 >> 76
5twoeight85threefour >> 55
6threekbg7 >> 67
3134 >> 34
sixtgvxcvfhd1tj >> 11
8sevenxzeightrrdvnpf38nine >> 88
93three >> 93
eight4nfrsjq4eight5 >> 45
fournvpfvmqp5 >> 55
7fourxvljqmkmshdlczkrhqhmvtwonehn >> 77
qlxq1frdbgrvccnn >> 11
threesix8ngkjtbtv9 >> 89
4r >> 44
five8three4ptcnv7 >> 87
lnb45xgd >> 45
9lbpclmj4gpxrtmvvdeight7 >> 97
three9two3threeknrbxpd6dnf >> 96
5pqk41sevenmqhvcdpllfour9 >> 59
86qlxmrghxlcthreebphtqpdrbj >> 86
three6ninevvpfzr24 >> 64
eight4zq1vkqdzfjjxqrdxdkgpcp >> 41
8hrvgrzcvvchjt8fxgpqngjstpkqmjkmjgdnrvtxmdzzfour >> 88
rknoneightcmdbr1 >> 11
5vsix6 >> 56
ninemttonefour4threevjzmsix >> 44
5six5shjhxbplmttbpts >> 55
vsevenonefourrlgvfbfsjmbfzxm3 >> 33
8141fourvxzgvfxx9qkdkbdoneightrdl >> 89
twothree6 >> 66
mfpqj6onemtvrnbbgphz >> 66
99eightzdnctk >> 99
5zrcrsbthreetwoqqrjtzprnvqczxj3 >> 53
7sevencgcnjdlnnlfivethreepmnjjjmkqzkvqgf3three >> 73
onetjqqcxhksmnb3onefive >> 33
2fourthree5foursczlj7fxpfscc7 >> 27
qmlf7 >> 77
19eight >> 19
fivefour2 >> 22
onetwofourone3hhffourtwo9 >> 39
8threesevenhhtfllrn2 >> 82
eight7pcspzljx2msplsg6bdk >> 76
eightbknvftrbcsixnine4threemppgcdfzhrxcmlqlq >> 44
one46 >> 46
3r >> 33
5tpvkrxmthreedn4sfseven >> 54
48two >> 48
s3nkkxzrj >> 33
14jfrbrxr >> 14
4618 >> 48
1nnthreesix >> 11
szsmxqcfh1 >> 11
ninesevensix4onefbckbkc >> 44
ninefour8 >> 88
sfxkhrqbndtrrknhchxzqone9three >> 99
xxzoneightfivebffhhnk27nn >> 27
1threethreeninetwotnbjftcnl >> 11
7two58 >> 78
22vbljflmgxrdtqgxchsthrstg2l >> 22
5lklmmcfkdm12dxsix >> 52
threetjsr1 >> 11
qcponeight3six9rzvnvbjqzbr8dlhxvfnh >> 38
4one84 >> 44
six3txbfhvhmkv19 >> 39
jnvjqfeight6eighteightfivel >> 66
8qshjffmdrrmmtl6one3 >> 83
7rxvqgnd3mfivefkrkvmfivenine >> 73
8vtxtqg44 >> 84
bbhbhkpv7mqzrl58twobkngmjznpmnszmthree >> 78
sevengmrtjdgqrpjxlseven36fouroneeight >> 36
five758eighteight4 >> 74
59kshsonesixfive >> 59
lkvtwone1zpkjnbjtjrqppqsksdz >> 11
onesbqtbsffgsixeightnineninexchm2 >> 22
9eightnqck2tx >> 92
zhbpbrxjd9 >> 99
659fourhdrxjeightlflseven5 >> 65
zjmmvhjbm243oneightgp >> 23
3hpfplfkhz9 >> 39
6twotwo >> 66
sixfourfoursix1tthree >> 11
xlfour5133bbhmbq >> 53
dhthree5threesix >> 55
pdtmsixfourtwo6rl >> 66
2three5ftfvfktqvmsixseven8ggjnzhzhm >> 28
59four1sczj6jqlsreight >> 56
vrrgrhnj1xgmcmd76two2oneightgqp >> 12
nine5ljscvrfbdnine4four54 >> 54
nine6bfqcdczp16 >> 66
3oneighth >> 33
bt8three >> 88
26jnllqrrxrhpbnkcj >> 26
tlcnb88onekcxcchxvzseven95rvsxmsh >> 85
bmj53seven9 >> 59
one947twosixeight >> 97
l1rqhcjqnmj8mhkgkpskeightz >> 18
fivepsfcqrgjtkthreez9cvgfhpdclgtwofv3 >> 93
3hmd7seven5 >> 35
drfftcgdvsixkgzspcftsfour86foureight >> 86
rqpvcb4mgdfjcsix1eight >> 41
nine3nine >> 33
1mgqq3six >> 13
5ninerldqnmdh4 >> 54
qvkxtthreevddpczxpcv6nine1seven >> 61
fivembc1xjzeightone434 >> 14
pfhzttgbpzr6two3231eight >> 61
1eight11two9onethreeeight >> 19
45 >> 45
zjrjsgtbfjthreefmkfsclrnjtwo8eight >> 88
4sevenxjzt8one >> 48
sncdbnbm356 >> 36
5nineheight6one >> 56
seven4tqthree >> 44
mkdhlmffqv9rcbldrzvtgltcone5oneeightpsnxzlprpm >> 95
4sixqgflnsfive >> 44
hgfphllv3three2two >> 32
tvtkg476 >> 46
knnkjxs1cgxoneseven91 >> 11
thzxgnnz27eightsixthreetwofour >> 27
tfzptldgnsfive3bqblfdnine >> 33
9tfscsfj33 >> 93
zhkfstzlddqbdks6fournine >> 66
hvvjjfournine8six4 >> 84
vhq9jsllg862rrrrxfhkn >> 92
7oneseveneightq5xfmtsix >> 75
3three7979 >> 39
9dcvdgkmthpzktwofour >> 99
nvvfivezxcgdbxslfshcshbvvkklp9 >> 99
qcfqfckd3bcbvmg4b >> 34
gttwonerchfrxhvsixljqxmhrpjb6ninesixonenine >> 66
zfbfgvkx6 >> 66
cctfqjseventxjnmjltwo9sixeight >> 99
eightjq9 >> 99
sevenflj7four >> 77
65three8trqptndveightfour >> 68
46fkbhhqzgthree7nine43xfxptdxp >> 43
moneightfourcqdvm5sixnine1 >> 51
gsbthree7 >> 77
tqdlh7seven >> 77
4seven4sixprjslbrvbsix >> 44
eightsixsix8pqchtpttrq7threenine8 >> 88
fivehcthreetwoseven4hllhvmleighteight >> 44
five79gmsvqvfour >> 79
fiveninej7seven >> 77
sixglnrtwoxvvc45 >> 45
fivetzkdhmbzbvxndxjhljgbd2 >> 22
nineeightllpslcxbdvvmrtwo4 >> 44
twoshzhlngsixnhftqp9twothree >> 99
5rkdc9eightseven62three >> 52
knrpvflpzjsix3jmftfqmqtlgjnltkfm >> 33
three62fnrtckmnkcvplvtb3k3 >> 63
xtbsm8six2six6 >> 86
four5sixfivetqeightwozt >> 55
7qxhbpvknqb5sevenkhpphnpfhsix >> 75
29kxbznzxtwo8 >> 28
1sixrmfxcfive9 >> 19
fourjzmnxfprpbznz32six2 >> 32
two5six1nlrtqrcxm >> 51
69eightone18 >> 68
fourthreev29sixthreeone >> 29
ninekpjbjm7683 >> 73
2ccnpk >> 22
3three3f >> 33
7fourthreenine >> 77
3seven5onefive >> 35
nfsssvfzfive9seveneightfour5sevenpstctrnkmj >> 95
2nlkgsix27c >> 27
lsr1 >> 11
vzlbfiveninetwovdrncmmnf3five >> 33
fblnvgx4sqspkgdkgninefhqrxnmgfourseven7 >> 47
z5fourcbnbkjzz99eightdbkmrcdhbcsix >> 59
jgvhjddq6vccsbrnonedvsjkrnbeight >> 66
85four7mfqnt8three >> 88
sevenfive95ktghsd >> 95
5ngr34kxqnmdvk >> 54
fourcdr469jvjd2onedqvjqjftz >> 42
8vkmsseven82 >> 82
pksixseven9vthrzfouroneightlvr >> 99
87rdnzmgpnvflnqsbvkjq >> 87
sixxtnponejkmvmn6 >> 66
gz5q9eight462nine >> 52
gsixthreehvktsix82 >> 82
455mcqgnj >> 45
five9zzthqcgvfive5ninepvzxxonecshsghbmpj >> 95
9five7four >> 97
one1sevenhmddjlninesevenfour >> 11
xnhbmdlvgj82fivedvz >> 82
52dnxsseven7rszgdxlhgj >> 57
threeseven34two >> 34
97hsrpcxz2shp8one >> 98
7twofour2jthnzc8 >> 78
cveight55eight >> 55
six1lglhzsnkdfivedpnlgcjtldtqmd >> 11
tsqmjxmhxncdpr1jmxmgx2fivelvjltzvhjhone >> 12
mrxtmfmrh3seventhree >> 33
fourtwohk7 >> 77
9eighth95pkp >> 95
289fcqzqhlzsfqrg >> 29
tfkqtzhrbvllmvvzggjlzzp28mhpfztxpqsthree >> 28
5eightsv349two >> 59
98five4five >> 94
fivesixthreejfivepbhdlvnkb6 >> 66
onefivedfgkdr8one >> 88
236five5sfmjdfive >> 25
sevenqg5 >> 55
two4eighthtvcxhxone >> 44
99fivecnsnflqp9six >> 99
fivefourdfjjpv85fourkcttlqdpksxqjzgbgk >> 85
four7cp1 >> 71
zpgd2px >> 22
tltlzcf3djmzqjr9five >> 39
2twoninezrfivecttvkjfmmlrckhnrb >> 22
onetwo1sevenddddpklfourdlvsixone >> 11
18924 >> 14
8m >> 88
1bblbkt4sixeight >> 14
3xfsthreeonepjjprmvlt >> 33
four8eightptvtcfour >> 88
eightsrfflfxbpvtlbzsdv7two >> 77
fiveninefive5xllzgscseveng >> 55
1eightfivedmvdgzfqjrqnhtsh2eight >> 12
6six8vqfrpkfmkq7pbjrl8d >> 68
6threelbldnpx >> 66
9four78one1four >> 91
vfivesix6 >> 66
2twonemg >> 22
sixzsxfsgqonesix7tvhplmf >> 77
threesix56five4 >> 54
dt78seven4vzlrzb9 >> 79
seven61pfvdnlcq13threenine >> 63
pzvdtfeightsix2four >> 22
six632sevenfivenhmhknkflkjrcfrts >> 62
three4seventhreenqpjmrr >> 44
two3jhjvjqlmls7eight5sevencrzbtxqp >> 35
7jdlgznine >> 77
lg2hfteight3 >> 23
8cttggeightsix54czlc2nine >> 82
hc3dkrvqf >> 33
eightks65ninesix >> 65
gttmtsl247 >> 27
9eightxnjjf4jbrdbtwoctwomllpfvx >> 94
5ninettpkf >> 55
hvbhhn7knbfk9rfsxrgmfqfzc473 >> 73
xpvmvtplxdm9jjhzmpgcddfour7 >> 97
3pnzsbbcb3fivecsqhllpkslfqsdv >> 33
sdlseven4six1eight3 >> 43
3hfssp1nine4ldtjhsix >> 34
twofour1mqkkvczdbr8five88eightwox >> 18
5fiveone2nine8 >> 58
8xvkdtbbdqlmtp6 >> 86
9hsksxfnr4lzs7bkhfsh4 >> 94
nineseven876ninejl >> 86
6b7eight >> 67
jmvpfjsjvjtwo78bmhnxg >> 78
4vgrzfsptpx6rdrnpbsmckvrglrlfive >> 46
threecrvzssmsnfourfive9jvtcqxbppfs >> 99
three18lbjdvqp >> 18
cntz6xp2 >> 62
ttwonejhmjctlz374seven18three8 >> 38
56sqh1fvfshgmxxl1 >> 51
qsbrnj1 >> 11
nine1nine61onethree >> 11
4fourbnz5 >> 45
8one8 >> 88
six9k >> 99
xj74four2xhxq2 >> 72
9sxvspcxrzgfourfiveseven9 >> 99
ninermnfknxbtwoonejds9 >> 99
five4hpr >> 44
pztthbxhfour8xrmvpgeightslhbngshrs8 >> 88
41sixsix8five >> 48
fourcrvxprsjlgglczq7rnmbtwopktrzthree >> 77
fivebdmqrtwop1 >> 11
sixnineninehfqmpzzc9 >> 99
8sptsqhpzxfccpfivenskklrsmcftwokhlqklznone >> 88
22ttpfbqfnckkdqmptlfdseven >> 22
9onefive2cnjlsd7 >> 97
ftsfmbskf37onetmnzgjpcqsrt5bjdeightwosgm >> 35
sevenjseven5rnseven6lsgdr3 >> 53
twoeightxdghlhhsjq65oneightz >> 65
rxnfndqlq6 >> 66
7rfvztgnh >> 77
zjmklxvsvzlfgpgrtjpdninefivenine9eight >> 99
six3cktxsix1vnbdlfc >> 31
sevenninencdninefour7 >> 77
6826 >> 66
22eight >> 22
88vsdcvlkniners41qlfive >> 81
seven9eightrxhsndgj1vq88five >> 98
jvpbvsevenfivesix285foureight >> 25
8seven4 >> 84
rslvvsixeightlpchthninem6 >> 66
bmfkmthree5kqndvprvfive >> 55
8r7hpxrzzxgmcsbnrnhr93 >> 83
692 >> 62
1zlpvhnfdbtg >> 11
7fivefiveone >> 77
xkfd2eightsevenfourtwonegr >> 22
9fivesixtwo >> 99
rschzfcgrtwotckrdhdtv6mtwo >> 66
6tdxlh >> 66
twofivej2srhpxhj >> 22
58scmtvn3mndnjnbqmsthree5sevenfour >> 55
sixmclmtrlone8bgbtg >> 88
jzrhmgvllh4nxphfssd73 >> 43
mbsevenfzbtjqjb5mlgmq >> 55
sz73ghmbqvlhgffdkrrk >> 73
vlkgfhcsqklnkqdmdeight5jfivekvnjlbeightkcfrcgc >> 55
pn3spmgcseighttwohzgmctfour >> 33
5four6nhvkvlbjfour1kmnxskdpd >> 51
865 >> 85
twoqknkgggtwoqrvxgvdz83eightghmnphhcsb >> 83
ninefiveeightfq9bszrhqztl7one >> 97
fourbrj2 >> 22
lnqnnqbnonenv66 >> 66
4xgmjzpbptnine1 >> 41
gnvnnfourccfshvbninek8ninekcnhcxkk >> 88
47krxlf >> 47
thsix6jzxxqls2kgxdflrdtxzsix >> 62
4bjdfgxmsjrfivepkpvklmdthreeone5 >> 45
hxktj8 >> 88
rntwone5 >> 55
one77n >> 77
rpcqn5 >> 55
zonecvvzpltlkvq19 >> 19
rcnxqvqzj9nineeight59trdfxbr >> 99
8eightthreeone >> 88
jbksthreetworszgrht7 >> 77
xvk4zfbclkpbeight >> 44
2nineninesixsixfive5 >> 25
3seven5 >> 35
1jjmffhtxskjmgc6vhvjk >> 16
4six1 >> 41
one6five94 >> 64
rfqtbxltrhrcnpf7lbd6 >> 76
56fiveninenqpfrv >> 56
3eightsix823eightonesix >> 33
threegntdfqltbncn92 >> 92
g9eightkbpdqqqbz >> 99
79sevensjsvgbbnjeight >> 79
6sevensixvth23two6 >> 66
gxc5bgqtbgknfourcbjeightone3 >> 53
five7two >> 77
3nsjnxsjqqqszc4 >> 34
8bnxdbqtpggfhkvbqbjkggkqgvrjntxf3mrvmptgptcftspk >> 83
sixlfsvljpjmdsplnjffmsevendll3 >> 33
btjkmdsscd566nine >> 56
8zdbhzj >> 88
rrkshvnsixknbxdfjhq4nineeightvkhqnr >> 44
xpfqfthreesixseven1 >> 11
tbvgsqcjtctdpvm36 >> 36
onenine1rdxxcjgkp >> 11
two1phslfour4cb >> 14
63tvv >> 63
eightfivehtzgmggpxjsevenmsix3 >> 33
782eighthgzfdnxqcvngd >> 72
nine8zkqrcv >> 88
pjmgbhsbq367six >> 37
9rlmcphtvr >> 99
three5ktjhxhhdsv75 >> 55
hkqbbdgrvbone7q7three1 >> 71
6sevenfxf >> 66
one8fvmnz >> 88
three1pmlrhnbg38xj14 >> 14
seven51seven9bfxzkzvjeight >> 59
tworjvtdpdvhztwo6zbbcmrszhthree >> 66
zhbxpkhvvdf9nrlvxsqhpvdtbvxhqseven >> 99
five56three3 >> 53
qrpgpblxrfpjhtq4onepzx >> 44
lqzmkbhrthreesrdtbgpfmg7 >> 77
2sthreeninektktttfive >> 22
32five1four >> 31
hvsh71 >> 71
qvvtbg35hvnsevenxzslzvjjdpcfh5three >> 35
ninesevenmcxthmqffv6vrctchjvnv2 >> 62
5eight5l >> 55
nineznnghfhjgqgclsv69s >> 69
3tpxxcqtn >> 33
voneightmzxd16h >> 16
1sevenfour39 >> 19
onevftpfhpttn8zbsonefourkjgvxbtkf >> 88
five4qjgsjrt >> 44
8nsxz9 >> 89
four7twosixsixthreefourfour >> 77
4fourtqbdskvvn >> 44
nine9onehgdtgfzr >> 99
3fiveeightseven >> 33
four92nine6xsptzhlvsdxg >> 96
5two78kmrbn923 >> 53
6zkjtprddlxppbrndhcpxgsscnineeight6 >> 66
tsmeightwo961eightoneonejpcmsxpstwo >> 91
3three45mfslth5fourrj >> 35
xjqxninelqvlcrfvqtndsevenfive9fourvdlhpt >> 99
three2kmkmcv9onethchqfgtjtqzr >> 29
ffive5x >> 55
613mm25four >> 65
ninehdqhjd4two61eightfive >> 41
kbnmjnfqkone65one3dfxtlseventhree >> 63
twoeightsixsixjv1fourthreetwo >> 11
1vgcbgsevengrzc >> 11
8threensspvzxvtwosmskq2 >> 82
mmqvhlhksm5threeqhdgcls65 >> 55
c4dllhmcq8pv >> 48
4fivenine775 >> 45
1sevenfivepfqzsnz >> 11
3xrfivetwo6kthreesixpdfgjbsk >> 36
onethreetzffmzdq24 >> 24
eight4seven6rnqznchsevenseven >> 46
hsklxtnzlcpknhsevenjjxvkzxvm79five >> 79
7bvnnlxpx1six >> 71
pgqkcpzx9ltrdvcv >> 99
8twormcqrdbxnhhhh6 >> 86
7lkhmssvbktwoseven >> 77
three7one7sixpntkrttkm >> 77
zbscnhfpqplrzsghjxbjcpjqbgfive9ninesseven >> 99
4fivemxpsvsrone1lmmxqqvkmvprxbtt >> 41
7sevensixtwofouronefivenqdcrprsk >> 77
81twotjkhqzdjs9sgzqbbgf2 >> 82
snfgfqchtfk34fivexnjfqqv >> 34
ksjrvrbr6two >> 66
kdvbgptwo4twohqshpjqdnseven8five >> 48
fhdnbzvmsrrndqtcstgtwo3f1dbmt6six >> 36
126 >> 16
kdbdgkgkzhbzdgseven524seven >> 54
bqllslqqfrdtvone9ninezbcxpzgzkdzcx >> 99
4ninefourthreeninengshmnfhvf5 >> 45
four55cbrhbcpscnnjqxs >> 55
rh7mqbvlfjjnhhlqgqpdffnj6 >> 76
93onenine >> 93
hklqshsc7eight4hbbrzqbmvfourkqlsmknine >> 74
sevenblqqsd63five2eight >> 62
threenine1kncghvqmgt >> 11
sixfht5psfxvt >> 55
one4cmxfiveseven >> 44
94ssfour6twojrvscgqzlrnzrbnvrdxtxtzn >> 96
gqfpxxslmkbjsl8threetwojdv >> 88
9lcvgsl >> 99
1nine6sevensix29qjpsix >> 19
9seven7lfsbtnzcbmlq3zqcfmckb >> 93
6v1nbsstmrzkseven4vfjfmtktpc >> 64
7vdnhzgrdgkqmmhcnmjtfive7dnfhmjxndbsnm >> 77
fkczmxzshtsevenszcfbsljzsqcplc124 >> 14
eightone582 >> 52
1gccxfjhgbc37fourxzdr9n4 >> 14
rczkvvonepph1nine833 >> 13
1hpbvtk >> 11
onep3nmmdmtrmj29 >> 39
txmlgzjtrddxl1nine29vcjnxjbqeight >> 19
2sixktlcqbngvgeighttwofive6vsmzlmfb5 >> 25
zlkrfour89threerhnlnd1 >> 81
xnbznine43dcvpplpqzv4threeonefive >> 44
fiveoneckrmlzmpn98two >> 98
dgcsix74sevenmflkcrtpb >> 74
fldxlgcqxbv8btdkmrdhsevenrbmzkgkznbninenine >> 88
qvxspxxmr9bsjeight >> 99
622chmv7sqztsssvp3 >> 63
8cxspjfnxtrgvpeightnine >> 88
qsninetwo8dpd9five >> 89
zzlbgqoneseveneight15 >> 15
fourtwo6qqrjqvhbvbdlsggckb8 >> 68
4sixmfkdcbjzv46 >> 46
tcxt5twoq >> 55
9jzvkxfourzjxxbbqmlmfs >> 99
1fpxhpjsgfnine6 >> 16
1ntnmbj5pz >> 15
five81hhxsnhfourninevnine >> 81
jpmjrdjrrm7three1 >> 71
one6fhblldjnbnlzjhhpkdjfkr72threetwo >> 62
6fiveeight7jb7lqkghcmrhvhj >> 67
eight8czbc689 >> 89
qqmqspdtwo4ntbkmbbvkqpfzrksgcktlznj >> 44
ninefiveseven88618 >> 88
qjxcchckrmtwoone326 >> 36
1gjcklxrnbtmfqnvlnkfgz13kkptcjqndr9nine >> 19
hchgvsbfour7fourlgjkcrthreeninekvvqhzrleight >> 77
nmgdxt1 >> 11
seven5four6667threeeight >> 57
one2kcsddzkl3 >> 23
nzdtjvxj739tbdvc7 >> 77
oneone5three >> 55
onefourxqxkjq5 >> 55
23bljlvpltnbcxmmgslrhksjdlbzhddrfourseventhree >> 23
3five68vpxkmrb >> 38
7crfeight >> 77
1ktvdhsmxq >> 11
6pkr7seven >> 67
sixpmrpqtndhxxjheight88fiveqzgsftgfvhbnjdjtktp >> 88
73two2eight4three57 >> 77
5foursix79625 >> 55
43fourtwo13mmctvsrljtvd >> 43
5ddrjxjhfhjbdgmmgsqzpnlt5lfktpkbthncvjntnns >> 55
threeqnpknxvnfthreeqdmfour1tq >> 11
8rqdkzdjvpngdhzr6kqpcreightn >> 86
zrmtrpl13foursevenonejmvthree >> 13
zghbcdcrdqjtqgvnine2sevensix3nhqk >> 23
xmtxjmllhsbn1mtxvvrjftwo >> 11
78btvheight >> 78
four5seven68pzllptfqmxh2 >> 52
onesevenlbsp6eightsixtwoninelpfl >> 66
fhnttk3sixnfqvhdqhnfgpglpbpltfqjvkkmz >> 33
69three76 >> 66
pxkh55 >> 55
vtqfklninemxgnzspgl8 >> 88
53three7 >> 57
fiveeighthfive89fivexdbpthree >> 89
5lcvlpgxjmsqzbffcvpxrhtvbbcp >> 55
lfnine89sevenone9 >> 89
8lsthlhtbpfour >> 88
1twofour7b >> 17
3ncrzdmzsqfbvgjpx >> 33
fivenhcvbntlcfthreemsktzr9two >> 99
qgxzqdnzztplvql5 >> 55
tkxeight4onexvzfg >> 44
hh4ninelznnln6 >> 46
six34bgbbffg >> 34
psgqgrbhsdvhgdxvbdqcxmstnhnqmhchjmbtsdll5qrhlngzzonetwoneg >> 55
2125seven9six >> 29
12four2scvrttnvhsfive7 >> 17
nine1fbtf >> 11
twonine4cjqln >> 44
68ninethreeone >> 68
vhcmrbxlttwo2 >> 22
xmnbbnlmnk7flhcqrl >> 77
tpjpbnl9gcbhtv >> 99
1z5cjc >> 15
meight65csmkfourpmcv79 >> 69
f6four1f >> 61
one95zhnineseven1 >> 91
4hmxmkvzmpzb2 >> 42
5eight2 >> 52
3tmfhdnjtr1b >> 31
6tvpsbbqr92five >> 62
prlhtzthtwo3mjrblrtrsfoneeight4fourtwo >> 34
841jhhfkhppprnine5 >> 85
cfkninexcgbqkzsixqpmvptt9 >> 99
nv3cccghqhr4 >> 34
eight4mgczjmmtqcrd >> 44
two1five >> 11
threecxvdqvrggljgjqn6fourthree >> 66
tdvpx7sevenone41fourfour >> 71
74two24jjsxgvzfqxtwonex >> 74
gvjcdrbntvlphtwosevenfivesix8seven1 >> 81
pjhgq7qcvrls >> 77
pplbxsvmqfjjvfhnn3 >> 33
1four9four >> 19
eightsevenqnhmkckdzcstkgbcprsg7one >> 77
37bfivehndskks1 >> 31
9five1pnmqbldqj5 >> 95
dpcvcmkrcgbdhnxrnfourbx88 >> 88
3zdqrvffhsnlhseven >> 33
5fourcmpdkjsevenninepksfpdkxpbonethreel >> 55
six9hseven1 >> 91
jfive637ffqdnjfjseven76 >> 66
3one6 >> 36
sixthree5 >> 55
7vctcdxsqhqvftqqt61 >> 71
fourtwo5xjznnjgeighteightwovss >> 55
one983sevensix7 >> 97
pxddhlhzgjqxq8 >> 88
5xjkpcrh9 >> 59
4cgeightcltbsrjtkjcqrkgjf86jmkh >> 46
smxnvtv8 >> 88
jjhxddmg5mqxqbgfivextlcpnvtwothreetwonerzk >> 55
jqlfcmpd4foureightfive >> 44
nine5ninetsfhmclvcb8dsix >> 58
hfbnlvhd76kmxf414pm >> 74
9hgjzbkpd >> 99
8471lqbnine >> 81
zqtwonethreekcz3seven2 >> 32
one7eight9gcqmsxdlsqdtqv7 >> 77
kjvnsmcctfivetwo7 >> 77
8fourthreethree7 >> 87
2eightcrq4twotwosixnvdrnkn >> 24
2zhlnthseven8one >> 28
1sixfive6three7shjqz >> 17
five7fourseven >> 77
fivebml9gjvtlfctwo >> 99
cgvvsl44five5ztlfdrc >> 45
7559tfhcdvkthgx >> 79
cnktjkjmcg46fiverxlxkmxvkmnklsfive >> 46
5lvlhsjkxssfour >> 55
sevenfourfour99seven8 >> 98
ktgfiveone76ghj >> 76
7zgzsevenftkdfour186 >> 76
